<?xml version="1.0" encoding="UTF-8"?>
<!-- Generated by org.testng.reporters.JUnitReportReporter -->
<testsuite hostname="DESKTOP-H7L3GHG" failures="0" tests="1" name="com.TY_Rmg.projects.CreateProjectTest" time="0.022" errors="0" timestamp="2021-08-03T23:34:22 IST" skipped="0">
  <testcase classname="com.TY_Rmg.projects.CreateProjectTest" name="createProjectTest" time="0.022"/>
  <system-out/>
</testsuite> <!-- com.TY_Rmg.projects.CreateProjectTest -->
