<?xml version="1.0" encoding="UTF-8"?>
<!-- Generated by org.testng.reporters.JUnitReportReporter -->
<testsuite hostname="DESKTOP-H7L3GHG" failures="0" tests="1" name="com.TY_Rmg.projects.CreateContactTest" time="0.027" errors="0" timestamp="2021-08-04T10:32:32 IST" skipped="0">
  <testcase classname="com.TY_Rmg.projects.CreateContactTest" name="CreateContactTest" time="0.027"/>
  <system-out/>
</testsuite> <!-- com.TY_Rmg.projects.CreateContactTest -->
